<?xml version="1.0" encoding="UTF-8"?>
<!-- Generated by org.testng.reporters.JUnitReportReporter -->
<testsuite hostname="Samuels-MBP.attlocal.net" failures="0" tests="1" name="org.example.retrieveDataFromUI" time="68.585" errors="0" timestamp="2023-09-14T20:48:47 PDT" skipped="0">
  <testcase classname="org.example.retrieveDataFromUI" name="testWebApplication" time="68.585"/>
</testsuite> <!-- org.example.retrieveDataFromUI -->
